<?xml version="1.0" encoding="UTF-8"?>
<!-- Generated by org.testng.reporters.JUnitXMLReporter -->
<testsuite ignored="0" hostname="LAPTOP-Q3EU9FHQ" failures="1" tests="1" name="Default test" time="24.414" errors="0" timestamp="2026-04-01T20:47:32 IST">
  <testcase classname="io.cucumber.testng.AbstractTestNGCucumberTests" name="runScenario" time="24.085">
    <failure type="java.lang.AssertionError" message="Login Failed! expected [true] but found [false]">
      <![CDATA[java.lang.AssertionError: Login Failed! expected [true] but found [false]
at org.testng.Assert.fail(Assert.java:111)
at org.testng.Assert.failNotEquals(Assert.java:1578)
at org.testng.Assert.assertTrue(Assert.java:57)
at stepdefinations.LoginSteps.verify_dashboard(LoginSteps.java:55)
at ✽.user should be navigated to dashboard(file:///C:/Users/mohak/eclipse-workspace/OrangeHRMProject/src/test/resources/features/login.feature:7)
]]>
    </failure>
  </testcase> <!-- runScenario -->
</testsuite> <!-- Default test -->
